
--- Job QBMPC_PMMA_gams_corbett.gms Start 11/23/13 14:39:42 24.1.3 r41464 WIN-VS8 x86/MS Windows
GAMS 24.1.3   Copyright (C) 1987-2013 GAMS Development. All rights reserved
Licensee: Chemical Engineering                           G120713:0528AN-WIN
          McMaster University                                        DC1678
          License for teaching and research at degree granting institutions
--- Starting compilation
--- QBMPC_PMMA_gams_corbett.gms(19) 2 Mb
--- GDXin=C:\Users\kuilin\Dropbox\pensim\QBMPCv2sets.gdx
--- QBMPC_PMMA_gams_corbett.gms(64) 3 Mb
--- GDXin=C:\Users\kuilin\Dropbox\pensim\MPCinitialize.gdx
--- QBMPC_PMMA_gams_corbett.gms(261) 5 Mb
--- Starting execution: elapsed 0:00:00.024
--- QBMPC_PMMA_gams_corbett.gms(190) 9 Mb
--- Generating NLP model QBMPC
--- QBMPC_PMMA_gams_corbett.gms(259) 14 Mb
---   6,030 rows  7,837 columns  108,773 non-zeroes
---   213,773 nl-code  37,831 nl-non-zeroes
--- QBMPC_PMMA_gams_corbett.gms(259) 12 Mb
--- Executing CONOPT: elapsed 0:00:01.209
CONOPT 3         24.1.3 r41464 Released Jul 26, 2013 VS8 x86/MS Windows       
 
 
    C O N O P T 3   version 3.15L
    Copyright (C)   ARKI Consulting and Development A/S
                    Bagsvaerdvej 246 A
                    DK-2880 Bagsvaerd, Denmark
 
 
   Iter Phase Ninf   Infeasibility   RGmax    NSB   Step InItr MX OK
      0   0        4.7167183903E+07 (Input point)
                                Pre-triangular equations:        0
                                Post-triangular equations:       4
      1   0        4.7167183903E+07 (After pre-processing)
      2   0        2.8113832417E+00 (After scaling)
      3   0     0  2.8113832417E+00               0.0E+00      F  F
      4   1     1  2.0471552933E+00 6.6E+01  1714 2.7E-01    1 T  T
      5   1     1  1.8396070043E+00 1.0E+00     5 1.0E+00    4 T  T
      6   1     1  1.6484753114E+00 1.0E+00     5 1.0E+00    4 T  T
      7   1     1  1.3743662949E+00 1.0E+00     7 1.0E+00    6 T  T
 
   Iter Phase Ninf   Infeasibility   RGmax    NSB   Step InItr MX OK
      8   1     1  9.9695443281E-01 7.1E+01  1699 2.7E-01    2 F  F
      9   1     1  6.6205389464E-01 7.5E+01  1699 3.4E-01    2 T  T
     10   1     1  4.5297505375E-01 8.1E+01  1698 3.2E-01    2 F  F
     11   1     1  4.0132910088E-01 1.0E+00     4 1.0E+00    3 T  T
     12   1     1  3.6020197318E-01 1.0E+00     3 1.0E+00    2 T  T
     13   1     1  3.0067533198E-01 1.0E+00     4 1.0E+00    3 T  T
     14   1     1  2.2949509922E-01 1.0E+00     5 1.0E+00    4 T  T
     15   1     1  1.6965133480E-01 1.0E+00     5 1.0E+00    4 T  T
     16   1     1  1.1872475933E-01 1.0E+00     5 1.0E+00    4 T  T
     17   1     1  7.5175663239E-02 1.0E+00     7 6.8E-01    6 F  F
 
   Iter Phase Ninf   Infeasibility   RGmax    NSB   Step InItr MX OK
     18   1     1  5.9768078532E-02 8.6E+01  1678 2.0E-01    1 T  T
     19   1     1  3.9811062026E-02 8.8E+01  1677 3.3E-01    1 T  T
     20   1     1  2.6356939702E-02 8.9E+01  1676 3.4E-01    1 T  T
     21   1     1  2.0832458230E-02 9.0E+01  1675 2.1E-01    1 F  F
     22   1     1  1.5617099427E-02 9.0E+01  1675 2.5E-01    2 T  T
     23   1     1  1.5007120917E-02 9.0E+01  1674 3.9E-02    2 F  F
     24   1     1  1.4226376637E-02 1.0E+00     2 1.0E+00    1 T  T
     25   1     1  1.3670658799E-02 9.0E+01  1673 3.9E-02    2 F  F
     26   1     1  1.2956316932E-02 1.0E+00     2 1.0E+00    1 T  T
     27   1     1  7.4639984217E-03 9.9E+01  1672 4.2E-01    2 F  F
 
   Iter Phase Ninf   Infeasibility   RGmax    NSB   Step InItr MX OK
     28   1     1  7.3473734463E-03 8.9E+01  1672 1.6E-02    1 F  F
     29   1     1  7.2567502279E-03 1.0E+00     1 9.0E-05      T  T
     30   1     1  6.7628790545E-03 1.0E+00     1 4.9E-04      F  F
     31   1     1  6.4740547722E-03 1.0E+00     1 2.9E-04      F  F
     32   1     1  5.7244322235E-03 1.0E+00     1 7.5E-04      F  F
     33   1     1  4.1774820239E-03 6.0E-04  1672 7.0E+01      F  T
     34   2     1  2.5741292222E-03 6.2E-04  1672 8.0E+02      F  T
     35   2     1  2.1712826894E-03 1.0E+00  1672 1.6E-01    3 F  F
     36   1     1  2.1448039997E-03 1.0E+00     1 1.8E-01      F  T
     37   1     1  2.1006703828E-03 1.0E-04  1672 1.2E+02      F  T
 
   Iter Phase Ninf   Infeasibility   RGmax    NSB   Step InItr MX OK
     38   2     1  2.0613359890E-03 1.1E-04  1672 1.4E+02      F  T
     39   2     1  1.5122985540E-03 1.0E+00  1672 2.7E-01    3 F  F
     40   2     1  1.4158222941E-03 1.0E+00     2 1.1E-01    1 F  F
     41   1     1  1.3497351826E-03 1.0E+00     1 4.6E+01      F  F
     42   1     1  1.3251768500E-03 1.0E+00     1 1.7E+01      F  F
     43   1     1  1.2694936253E-03 1.1E-04    50 5.2E+02      F  T
     44   2     1  1.1697308339E-03 1.5E-04    52 4.5E+00      F  T
     45   2     1  9.7894855889E-04 1.1E-04    52 1.0E+00    3 T  T
     46   2     1  8.9005496317E-04 6.9E-05    51 2.3E-01    3 F  T
     47   2     1  8.5405941342E-04 2.0E-04    50 2.5E-01    5 F  T
 
   Iter Phase Ninf   Infeasibility   RGmax    NSB   Step InItr MX OK
     48   2     1  8.0849058583E-04 1.9E-04    50 7.2E-01      F  T
     49   2     1  7.9308704736E-04 1.3E-04    94 1.2E-01      F  T
     50   2     1  7.5562470249E-04 8.7E-05   154 2.9E-01    3 F  T
     51   2     1  7.3188532670E-04 1.4E-04   152 7.3E-01    3 F  T
     52   2     1  7.1414713349E-04 1.3E-04   151 1.0E+00    3 T  T
     53   2     1  6.9804148416E-04 8.8E-05   148 1.0E+00    7 T  T
     54   2     1  6.4814771095E-04 5.8E-05   141 1.0E+00   12 T  T
     55   2     1  5.3688386261E-04 1.0E+00   140 1.7E-01   12 F  F
     56   2     1  5.1910760131E-04 1.0E+00     2 3.4E-02    1 F  F
     57   2     1  5.0994617705E-04 5.9E-05   188 1.0E+00    2 T  T
 
   Iter Phase Ninf   Infeasibility   RGmax    NSB   Step InItr MX OK
     58   2     1  4.7958471899E-04 4.8E-05   186 1.1E-01    5 F  F
     59   2     1  4.7337148975E-04 4.1E-05   183 1.4E-02    2 F  F
     60   2     1  4.6367903994E-04 4.0E-05   182 7.6E-02    1 F  F
     61   2     1  4.2929135586E-04 3.8E-05   182 2.5E-01      F  F
     62   2     1  4.0654536151E-04 3.7E-05   182 1.5E-01      F  F
     63   2     1  3.8712977111E-04 1.0E+00   182 4.8E-02    5 F  F
     64   2     1  3.8680192978E-04 1.0E+00     2 4.0E-03    1 F  F
     65   2     1  3.8587426589E-04 1.0E+00   181 9.5E-01      F  F
     66   2     1  3.8550645115E-04 1.0E+00   181 3.8E-01      F  F
     67   1     1  3.7900474876E-04 1.0E+00     1 1.0E-01      F  T
 
   Iter Phase Ninf   Infeasibility   RGmax    NSB   Step InItr MX OK
     68   1     1  3.7772677502E-04 5.4E-04  1692 3.0E+00      F  T
     69   2     1  3.7737547159E-04 5.1E-05  1701 1.5E+01      F  T
     70   2     1  3.5992464277E-04 2.0E-04  1701 5.3E-01    4 F  F
     71   2     1  3.5150511307E-04 1.9E-04  1703 1.0E+00    4 T  T
     72   2     1  3.0317603217E-04 2.4E-05  1699 1.0E+00    5 T  T
     73   2     1  2.5436868465E-04 2.5E-04  1701 1.0E+00    4 T  T
     74   2     1  2.5415678293E-04 8.3E-04  1700 4.6E-03    5 F  T
     75   2     1  2.2085418727E-04 8.8E-04  1695 4.3E-01    4 F  F
     76   2     1  2.1377586353E-04 3.7E-05  1698 5.5E-01    4 F  T
     77   2     1  1.9461264799E-04 4.7E-05  1697 5.9E-01    3 F  F
 
   Iter Phase Ninf   Infeasibility   RGmax    NSB   Step InItr MX OK
     78   2     1  1.8579439313E-04 2.3E-05  1696 3.3E-01    2 F  T
     79   2     1  1.6751657481E-04 1.5E-05  1696 7.5E-01    3 F  T
     80   2     1  1.5783871243E-04 8.4E-05  1699 1.0E+00    3 T  T
     81   2     1  1.4297057385E-04 1.7E-05  1698 1.0E+00    6 T  T
     82   2     1  1.3623734184E-04 3.0E-05  1694 8.2E-02    6 F  T
     83   2     1  1.2905515732E-04 4.3E-05  1689 7.7E-01    3 F  T
     84   2     1  9.6916382651E-05 3.6E-05  1689 4.0E-01    4 F  F
     85   2     1  5.7611216705E-05 1.5E-05  1689 1.0E+00    5 T  T
     86   2     1  3.5822201219E-05 1.8E-05  1688 1.0E+00    7 T  T
     87   2     1  3.0226399297E-05 6.3E-06  1690 1.0E+00    5 T  T
 
   Iter Phase Ninf   Infeasibility   RGmax    NSB   Step InItr MX OK
     88   2     1  2.6107285861E-05 1.0E+00  1687 1.4E-01    7 F  F
     89   2     1  2.5915392391E-05 1.0E+00     2 1.0E-02    1 F  F
     90   2     1  2.5851308560E-05 1.0E+00     2 3.7E-03    1 F  F
     91   2     1  2.5783182858E-05 1.0E+00     1 4.7E-02      F  F
     92   2     1  2.5739906641E-05 1.0E+00     1 3.0E-02      F  F
     93   2     1  2.5638182788E-05 1.0E+00     3 5.5E-02    2 F  F
     94   2     1  2.5533523848E-05 6.8E-06  1733 1.0E+00    1 T  T
     95   2     1  2.5153476326E-05 7.2E-06  1733 1.0E+00    5 T  T
     96   2     1  2.4938882643E-05 5.1E-06  1729 3.7E-02    2 F  F
     97   2     1  2.4821971265E-05 3.6E-06  1732 1.0E+00    4 T  T
 
   Iter Phase Ninf   Infeasibility   RGmax    NSB   Step InItr MX OK
     98   2     1  2.4376614036E-05 2.8E-06  1731 1.0E+00    6 T  T
     99   2     1  2.4112664285E-05 4.1E-06  1725 4.7E-02    9 F  F
    100   2     1  2.4097565945E-05 4.3E-06  1720 1.0E+00    9 T  T
    101   2     1  2.4092979713E-05 3.6E-06  1711 1.0E+00   10 T  T
    102   2     1  2.3722741437E-05 3.3E-06  1698 6.9E-01    3 F  F
    103   2     1  2.3697846719E-05 3.2E-06  1699 1.0E+00    9 T  T
    104   2     1  1.8633533808E-05 2.9E-06  1690 1.0E+00    7 T  T
    105   2     1  1.7352478506E-05 1.0E+00  1686 6.9E-02    2 F  F
    106   2     1  1.7305877611E-05 1.0E+00     1 2.7E-03    1 F  F
    107   2     1  1.7119974629E-05 1.0E+00     1 1.1E-02    1 F  F
   Elapsed time       33.7 seconds.
 
   Iter Phase Ninf   Infeasibility   RGmax    NSB   Step InItr MX OK
    108   2     1  1.7078177816E-05 1.0E+00     1 2.9E-02      F  F
    109   2     1  1.7074008339E-05 1.0E+00     1 2.9E-03      F  F
    110   2     1  1.6995411397E-05 1.0E+00     1 5.5E-02      F  F
    111   2     1  1.6941960029E-05 1.0E+00     1 3.7E-02      F  F
    112   2     1  1.6923215157E-05 1.0E+00     1 1.3E-02      F  F
    113   2     1  1.6912886046E-05 1.0E+00     1 7.2E-03      F  F
    114   2     1  1.6911939567E-05 1.0E+00     1 6.6E-04      F  F
    115   2     1  1.6775686148E-05 1.0E+00     1 9.5E-02      F  F
    116   2     1  1.6769286732E-05 1.0E+00     1 4.4E-03      F  F
    117   2     1  1.6393652246E-05 1.0E+00     1 2.6E-01      F  F
 
   Iter Phase Ninf   Infeasibility   RGmax    NSB   Step InItr MX OK
    118   2     1  1.6336442014E-05 1.0E+00     1 4.0E-02      F  F
    119   2     1  1.6291843238E-05 1.0E+00     1 3.1E-02      F  F
    120   2     1  1.6262212475E-05 1.0E+00     1 2.1E-02      F  F
    121   2     1  1.6262111071E-05 1.0E+00     1 7.0E-05      F  F
    122   2     1  1.6244978498E-05 1.0E+00     1 1.2E-02      F  F
    123   2     1  1.6231822969E-05 1.0E+00     1 9.1E-03      F  F
    124   2     1  1.6198205491E-05 1.0E+00     1 2.3E-02      F  F
    125   2     1  1.6170217580E-05 1.0E+00     1 1.9E-02      F  F
    126   2     1  1.6148504641E-05 1.0E+00     1 1.5E-02      F  F
    127   2     1  1.6134357934E-05 1.0E+00     1 9.8E-03      F  F
 
   Iter Phase Ninf   Infeasibility   RGmax    NSB   Step InItr MX OK
    128   2     1  1.6127587688E-05 1.0E+00     1 4.7E-03      F  F
    129   2     1  1.6125812934E-05 1.0E+00     1 1.2E-03      F  F
    130   2     1  1.6062621543E-05 1.0E+00     1 4.4E-02      F  F
    131   2     1  1.6044540602E-05 1.0E+00     1 1.3E-02      F  F
    132   2     1  1.6019989923E-05 1.0E+00     1 1.7E-02      F  F
    133   2     1  1.6019211750E-05 1.0E+00     1 5.4E-04      F  F
    134   2     1  1.6019150641E-05 1.0E+00     1 4.2E-05      F  F
    135   2     1  1.5972735326E-05 4.9E-06  1736 5.2E+01      F  T
    136   2     1  1.2065740619E-05 4.2E-06  1739 1.0E+00    6 T  T
    137   2     1  1.1762358202E-05 9.7E-06  1738 1.0E+00   14 T  T
 
   Iter Phase Ninf   Infeasibility   RGmax    NSB   Step InItr MX OK
    138   2     1  1.1664019950E-05 3.0E-06  1728 3.6E-02    2 F  T
    139   2     1  1.1605156288E-05 9.0E-06  1726 1.0E+00    3 T  T
    140   2     1  1.1471989033E-05 4.3E-06  1724 1.0E+00    8 T  T
    141   2     1  1.1366175502E-05 4.9E-06  1717 6.2E-02    8 F  T
    142   2     1  1.1281066976E-05 1.3E-05  1713 1.0E+00    4 T  T
    143   2     1  1.1167451195E-05 6.8E-06  1711 1.0E+00    9 T  T
    144   2     1  1.1060717542E-05 4.9E-06  1703 6.0E-02   12 F  T
    145   2     1  1.0880087995E-05 3.3E-06  1698 1.0E+00    4 T  T
    146   2     1  1.0715461019E-05 2.8E-06  1697 1.0E+00    9 T  T
    147   2     1  1.0580801461E-05 2.4E-06  1689 5.9E-02    9 F  T
 
   Iter Phase Ninf   Infeasibility   RGmax    NSB   Step InItr MX OK
    148   2     1  8.6113320769E-06 6.7E-06  1685 7.8E-01    4 F  T
    149   2     1  7.5463953883E-06 7.5E-06  1688 1.0E+00    4 T  T
    150   2     1  7.1183732630E-06 1.0E+00  1684 5.7E-02    5 F  F
    151   2     1  7.1083999460E-06 1.0E+00     1 1.4E-03    1 F  F
    152   2     1  7.1028358428E-06 1.0E+00     1 7.8E-04    1 F  F
    153   2     1  7.1021584093E-06 1.0E+00     1 4.7E-04      F  F
    154   2     1  7.0328013936E-06 1.0E+00     1 4.8E-02      F  F
    155   2     1  7.0245184322E-06 1.0E+00     1 5.8E-03      F  F
    156   2     1  7.0226319649E-06 1.0E+00     1 2.7E-04    1 F  F
    157   2     1  6.9811361370E-06 1.0E+00     2 2.7E-02    1 F  F
 
   Iter Phase Ninf   Infeasibility   RGmax    NSB   Step InItr MX OK
    158   2     1  6.9809230896E-06 1.0E+00     1 1.5E-04      F  F
    159   2     1  6.9753947780E-06 2.5E-06  1710 2.4E+02      F  T
    160   2     1  6.9699985631E-06 2.1E-06  1710 7.1E+01      F  T
    161   2     1  6.9333816750E-06 2.5E-06  1713 1.0E+00    3 T  T
    162   2     1  6.8576749971E-06 1.8E-06  1711 1.0E+00    8 T  T
    163   2     1  6.6299738890E-06 2.0E-06  1702 1.1E-01    6 F  T
    164   2     1  6.5329092994E-06 8.8E-06  1703 1.0E+00    5 T  T
    165   2     1  6.0225257600E-06 1.0E+00  1699 7.8E-02    5 F  F
    166   2     1  6.0210554168E-06 1.0E+00  1702 2.4E-04    1 F  F
    167   2     1  6.0209125293E-06 1.0E+00     1 9.9E-05      F  F
 
   Iter Phase Ninf   Infeasibility   RGmax    NSB   Step InItr MX OK
    168   2     1  6.0208706323E-06 1.0E+00     1 2.9E-05      F  F
    169   2     1  6.0116835128E-06 1.0E+00     1 6.4E-03      F  F
    170   2     1  6.0080142724E-06 1.0E+00     1 6.1E-04    1 F  F
    171   2     1  6.0065474720E-06 1.0E+00     1 1.0E-03      F  F
    172   2     1  6.0030097502E-06 1.0E+00     1 2.5E-03      F  F
    173   2     1  6.0013976138E-06 1.0E+00     1 1.1E-03      F  F
    174   2     1  5.9878383468E-06 1.0E+00     1 9.4E-03      F  F
    175   2     1  5.9864545313E-06 1.0E+00     1 9.6E-04      F  F
    176   2     1  5.9647476279E-06 1.0E+00     1 1.5E-02      F  F
    177   2     1  5.9640987531E-06 1.0E+00     1 4.5E-04      F  F
 
   Iter Phase Ninf   Infeasibility   RGmax    NSB   Step InItr MX OK
    178   2     1  5.9559276110E-06 1.0E+00     1 5.7E-03      F  F
    179   2     1  5.9550588038E-06 1.0E+00     1 6.0E-04      F  F
    180   2     1  5.8535897058E-06 1.0E+00     1 7.0E-02      F  F
    181   2     1  5.8435564783E-06 1.0E+00     1 7.0E-03      F  F
    182   2     1  5.8282082172E-06 4.3E-06  1703 3.3E+02      F  T
    183   2     1  5.8242813117E-06 3.1E-06  1703 1.1E+02      F  T
    184   2     1  5.4753465799E-06 1.0E+00  1703 6.0E-02    4 F  F
    185   2     1  5.3965711883E-06 1.0E+00     1 1.4E-02    1 F  F
    186   2     1  5.3795585847E-06 1.0E+00     1 1.2E-02      F  F
    187   2     1  5.3563595797E-06 1.0E+00     1 1.6E-02      F  F
 
   Iter Phase Ninf   Infeasibility   RGmax    NSB   Step InItr MX OK
    188   2     1  5.3458024533E-06 1.0E+00     1 2.0E-03    1 F  F
    189   2     1  5.3290925973E-06 1.0E+00     1 3.1E-03    1 F  F
    190   2     1  5.3284744778E-06 1.0E+00     1 4.3E-04      F  F
    191   2     1  5.3267174293E-06 1.0E+00     1 1.2E-03      F  F
    192   2     1  5.3266361501E-06 1.0E+00  1706 1.5E-05    1 F  F
    193   2     1  5.3265775338E-06 1.0E+00     1 4.1E-05      F  F
    194   1     1  5.3005004943E-06 1.0E+00     1 1.8E-02      F  F
    195   1     1  5.2964248968E-06 1.0E+00     1 2.8E-03      F  F
    196   1     1  5.2770288096E-06 1.0E+00     1 1.3E-02      F  F
    197   1     1  5.2721525215E-06 1.0E+00     1 3.4E-03      F  F
 
   Iter Phase Ninf   Infeasibility   RGmax    NSB   Step InItr MX OK
    198   1     1  5.2539277755E-06 1.0E+00     1 1.3E-02      F  F
    199   1     1  5.2480005468E-06 1.0E+00     1 4.1E-03      F  F
    200   1     1  5.2188373519E-06 1.0E+00     1 2.0E-02      F  F
    201   1     1  5.2118073504E-06 1.0E+00     1 4.9E-03      F  F
    202   1     1  5.2036116327E-06 1.0E+00     1 5.7E-03      F  F
    203   1     1  5.1982286805E-06 1.0E+00     1 3.7E-03      F  F
    204   1     1  5.1974498263E-06 1.0E+00     1 5.4E-04      F  F
    205   1     1  5.1973391936E-06 1.0E+00     1 7.7E-05      F  F
    206   1     1  5.1660498372E-06 1.0E+00     1 2.2E-02      F  F
    207   1     1  5.1645475206E-06 1.0E+00     1 1.0E-03      F  F
 
   Iter Phase Ninf   Infeasibility   RGmax    NSB   Step InItr MX OK
    208   1     1  5.1367464593E-06 1.0E+00     1 1.9E-02      F  F
    209   1     1  5.1333695782E-06 1.0E+00     1 2.3E-03      F  F
    210   1     1  5.1238226486E-06 1.0E+00     1 6.6E-03      F  F
    211   1     1  5.1177143441E-06 3.6E-06  1705 4.9E+01      F  T
    212   2     1  5.1129423478E-06 2.4E-06  1705 1.1E+02      F  T
    213   2     1  4.9721197814E-06 3.3E-06  1708 1.0E+00    3 T  T
    214   2     1  4.4697832881E-06 1.0E+00  1703 1.0E-01    5 F  F
    215   2     1  4.4545812756E-06 1.0E+00     1 3.4E-03    1 F  F
    216   2     1  4.4354088292E-06 1.0E+00     1 4.3E-03    1 F  F
    217   2     1  4.4341693472E-06 1.0E+00     1 8.6E-04      F  F
 
   Iter Phase Ninf   Infeasibility   RGmax    NSB   Step InItr MX OK
    218   2     1  4.4341254097E-06 1.0E+00     1 3.1E-05      F  F
    219   2     1  4.4339974554E-06 1.0E+00     1 8.9E-05      F  F
    220   2     1  4.4117264106E-06 1.0E+00     1 1.5E-02      F  F
    221   2     1  4.4086332100E-06 1.0E+00     1 2.1E-03      F  F
    222   2     1  4.4008700233E-06 1.0E+00     1 5.4E-03      F  F
    223   2     1  4.4000309319E-06 1.0E+00     1 5.8E-04      F  F
    224   2     1  4.3977648554E-06 1.0E+00     1 1.6E-03      F  F
    225   2     1  4.3967982302E-06 1.0E+00     1 6.7E-04      F  F
    226   2     1  4.3962680265E-06 1.0E+00     1 3.7E-04      F  F
    227   2     1  4.3958163645E-06 1.0E+00     1 3.1E-04      F  F
 
   Iter Phase Ninf   Infeasibility   RGmax    NSB   Step InItr MX OK
    228   2     1  4.3954755726E-06 1.0E+00     1 2.4E-04      F  F
    229   2     1  4.3952918147E-06 1.0E+00     1 1.3E-04      F  F
    230   2     1  4.3951987780E-06 1.0E+00     1 6.5E-05      F  F
    231   2     1  4.3771437571E-06 1.0E+00     1 1.3E-02      F  F
    232   2     1  4.3752105067E-06 1.0E+00     1 1.3E-03      F  F
    233   2     1  4.3695380326E-06 1.0E+00     1 3.9E-03      F  F
    234   2     1  4.3689765342E-06 1.0E+00     1 3.9E-04      F  F
    235   2     1  4.3673220569E-06 1.0E+00     1 1.1E-03      F  F
    236   2     1  4.3665135722E-06 1.0E+00     1 5.6E-04      F  F
    237   2     1  4.3661154610E-06 1.0E+00     1 2.8E-04      F  F
   Elapsed time       66.1 seconds.
 
   Iter Phase Ninf   Infeasibility   RGmax    NSB   Step InItr MX OK
    238   2     1  4.3526201483E-06 1.0E+00     1 9.4E-03      F  F
    239   2     1  4.3513959824E-06 1.0E+00     1 8.5E-04      F  F
    240   2     1  4.3488987187E-06 1.0E+00     1 1.7E-03      F  F
    241   2     1  4.3483303052E-06 1.0E+00     1 3.9E-04      F  F
    242   2     1  4.3475980452E-06 1.0E+00     1 5.1E-04      F  F
    243   2     1  4.3473167220E-06 1.0E+00     1 2.0E-04      F  F
    244   2     1  4.3412855824E-06 1.0E+00     1 4.2E-03      F  F
    245   2     1  4.3397389820E-06 1.0E+00     1 1.1E-03      F  F
    246   2     1  4.3394252866E-06 1.0E+00     1 2.2E-04      F  F
    247   2     1  4.3392539264E-06 1.0E+00     1 1.2E-04      F  F
 
   Iter Phase Ninf   Infeasibility   RGmax    NSB   Step InItr MX OK
    248   2     1  4.3353874256E-06 1.0E+00     1 2.7E-03      F  F
    249   2     1  4.3343921358E-06 1.0E+00     1 2.3E-04    1 F  F
    250   2     1  4.2723611498E-06 1.0E+00     2 2.3E-02    1 F  F
    251   2     1  4.2607616473E-06 1.0E+00     1 8.1E-03      F  F
    252   2     1  4.2509620580E-06 1.0E+00     1 6.8E-03      F  F
    253   2     1  4.2457729382E-06 1.0E+00     1 3.6E-03      F  F
    254   2     1  4.2403670926E-06 1.0E+00     1 3.8E-03      F  F
    255   2     1  4.2368520919E-06 1.0E+00     1 2.4E-03      F  F
    256   2     1  4.2351793621E-06 1.0E+00     1 1.2E-03      F  F
    257   2     1  4.2114588025E-06 1.0E+00     1 1.6E-02      F  F
 
   Iter Phase Ninf   Infeasibility   RGmax    NSB   Step InItr MX OK
    258   2     1  4.2107558023E-06 1.0E+00     1 4.9E-04      F  F
    259   2     1  4.2054290364E-06 1.0E+00     1 3.7E-03      F  F
    260   2     1  4.2045784062E-06 1.0E+00     1 5.9E-04      F  F
    261   2     1  4.1646696583E-06 1.0E+00     1 2.8E-02      F  F
    262   2     1  4.1598037742E-06 1.0E+00     1 3.4E-03      F  F
    263   2     1  4.1542667986E-06 1.0E+00     1 3.8E-03      F  F
    264   2     1  4.1520353692E-06 1.0E+00     1 1.5E-03      F  F
    265   2     1  4.1496711534E-06 1.0E+00     1 1.6E-03      F  F
    266   2     1  4.1482003120E-06 1.0E+00     1 1.0E-03      F  F
    267   2     1  4.1473496819E-06 1.0E+00     1 5.9E-04      F  F
 
   Iter Phase Ninf   Infeasibility   RGmax    NSB   Step InItr MX OK
    268   2     1  4.1465763817E-06 1.0E+00     1 5.4E-04      F  F
    269   2     1  4.1461370066E-06 1.0E+00     1 3.1E-04      F  F
    270   2     1  4.1457503565E-06 1.0E+00     1 2.7E-04      F  F
    271   2     1  4.1455619890E-06 1.0E+00     1 1.3E-04      F  F
    272   2     1  4.1453493314E-06 1.0E+00     1 1.5E-04      F  F
    273   2     1  4.1265061634E-06 1.0E+00     1 1.3E-02      F  F
    274   2     1  4.1234076349E-06 1.0E+00     1 2.2E-03      F  F
    275   2     1  4.1221400958E-06 1.0E+00     1 8.8E-04      F  F
    276   2     1  4.1210367282E-06 1.0E+00     1 7.7E-04      F  F
    277   2     1  4.1204875093E-06 1.0E+00     1 3.8E-04      F  F
 
   Iter Phase Ninf   Infeasibility   RGmax    NSB   Step InItr MX OK
    278   2     1  4.1200481342E-06 1.0E+00     1 3.1E-04      F  F
    279   2     1  4.1196746614E-06 1.0E+00     1 2.6E-04      F  F
    280   2     1  4.1194549739E-06 1.0E+00     1 1.5E-04      F  F
    281   2     1  4.1193357969E-06 1.0E+00     1 8.3E-05      F  F
    282   2     1  4.1192118501E-06 1.0E+00     1 8.6E-05      F  F
    283   2     1  4.1111579755E-06 3.5E-06  1712 2.7E+02      F  T
    284   2     1  4.1033813900E-06 3.1E-06  1712 6.6E+01      F  T
    285   2     1  2.9008113390E-06 3.2E-06  1715 1.0E+00    5 T  T
    286   2     1  2.2533357210E-06 5.1E-06  1714 1.0E+00    8 T  T
    287   2     1  2.1213043313E-06 1.0E+00  1709 5.9E-02    2 F  F
 
   Iter Phase Ninf   Infeasibility   RGmax    NSB   Step InItr MX OK
    288   2     1  2.1099106069E-06 1.0E+00     1 5.4E-03    1 F  F
    289   2     1  2.1057539483E-06 1.0E+00     1 2.0E-03    1 F  F
    290   2     1  2.1043401731E-06 1.0E+00     1 9.8E-04      F  F
    291   2     1  2.1022242613E-06 1.0E+00     1 1.5E-03      F  F
    292   2     1  2.1017933488E-06 1.0E+00     1 2.0E-04    1 F  F
    293   2     1  2.1016650655E-06 1.0E+00  1712 6.1E-05    1 F  F
    294   2     1  2.1015367901E-06 1.0E+00     1 8.9E-05      F  F
    295   2     1  2.1004785822E-06 1.0E+00     1 7.3E-04      F  F
    296   2     1  2.1000907680E-06 1.0E+00     1 2.7E-04      F  F
    297   2     1  2.0885235380E-06 1.0E+00     1 8.0E-03      F  F
 
   Iter Phase Ninf   Infeasibility   RGmax    NSB   Step InItr MX OK
    298   2     1  2.0866035913E-06 1.0E+00     1 1.3E-03      F  F
    299   2     1  2.0853824989E-06 1.0E+00     1 8.5E-04      F  F
    300   2     1  2.0848836655E-06 1.0E+00     1 3.5E-04      F  F
    301   2     1  2.0846942968E-06 1.0E+00     1 1.3E-04      F  F
    302   2     1  2.0845739086E-06 1.0E+00     1 8.4E-05      F  F
    303   2     1  2.0752673962E-06 1.0E+00     1 6.5E-03      F  F
    304   2     1  2.0740412861E-06 1.0E+00     1 8.5E-04      F  F
    305   2     1  2.0721058602E-06 1.0E+00     1 9.3E-04    1 F  F
    306   2     1  2.0720742423E-06 1.0E+00  1712 1.5E-05    1 F  F
    307   2     1  2.0720264211E-06 1.0E+00     1 3.3E-05      F  F
 
   Iter Phase Ninf   Infeasibility   RGmax    NSB   Step InItr MX OK
    308   2     1  2.0631665868E-06 1.0E+00     1 6.2E-03      F  F
    309   2     1  2.0594195866E-06 1.0E+00     1 2.6E-03      F  F
    310   2     1  2.0564937530E-06 1.0E+00     1 2.0E-03      F  F
    311   2     1  2.0563366362E-06 1.0E+00     1 1.1E-04      F  F
    312   2     1  2.0560752686E-06 1.0E+00     1 1.8E-04      F  F
    313   2     1  2.0560687470E-06 1.0E+00     1 4.5E-06      F  F
    314   2     1  2.0529449341E-06 1.0E+00     1 2.2E-03      F  F
    315   2     1  2.0520728985E-06 1.0E+00     1 6.1E-04      F  F
    316   2     1  2.0515977322E-06 1.0E+00     1 3.3E-04      F  F
    317   2     1  2.0515351224E-06 1.0E+00     1 4.3E-05      F  F
 
   Iter Phase Ninf   Infeasibility   RGmax    NSB   Step InItr MX OK
    318   2     1  2.0427453884E-06 1.0E+00     1 6.1E-03      F  F
    319   2     1  2.0407342425E-06 1.0E+00     1 1.4E-03      F  F
    320   2     1  2.0363110450E-06 1.0E+00     1 3.1E-03      F  F
    321   2     1  2.0357641841E-06 1.0E+00     1 3.8E-04      F  F
    322   2     1  2.0353758629E-06 1.0E+00     1 2.7E-04      F  F
    323   2     1  2.0353515994E-06 1.0E+00     1 1.7E-05      F  F
    324   2     1  2.0284561525E-06 1.0E+00     1 4.8E-03      F  F
    325   2     1  2.0256783542E-06 1.0E+00     1 1.9E-03      F  F
    326   2     1  2.0241328842E-06 1.0E+00     1 1.1E-03      F  F
    327   2     1  2.0239531078E-06 1.0E+00     1 1.2E-04      F  F
 
   Iter Phase Ninf   Infeasibility   RGmax    NSB   Step InItr MX OK
    328   2     1  2.0235795107E-06 1.0E+00     1 2.6E-04      F  F
    329   2     1  2.0235602124E-06 1.0E+00     1 1.3E-05      F  F
    330   2     1  1.9913089154E-06 1.0E+00     1 2.2E-02      F  F
    331   2     1  1.9904835903E-06 1.0E+00     1 5.7E-04      F  F
    332   2     1  1.9887666817E-06 1.0E+00     1 1.2E-03      F  F
    333   2     1  1.9883466063E-06 1.0E+00     1 2.9E-04      F  F
    334   2     1  1.9880083607E-06 1.0E+00     1 2.3E-04      F  F
    335   2     1  1.9879961865E-06 1.0E+00     1 8.5E-06      F  F
    336   2     1  1.9850572591E-06 1.0E+00     1 2.0E-03      F  F
    337   2     1  1.9843908885E-06 1.0E+00     1 4.6E-04      F  F
 
   Iter Phase Ninf   Infeasibility   RGmax    NSB   Step InItr MX OK
    338   2     1  1.9824391816E-06 1.0E+00     1 1.4E-03      F  F
    339   2     1  1.9809267005E-06 1.0E+00     1 1.1E-03      F  F
    340   2     1  1.9804975242E-06 1.0E+00     1 3.0E-04      F  F
    341   2     1  1.9804030867E-06 1.0E+00     1 6.6E-05      F  F
    342   2     1  1.9787704488E-06 1.0E+00     1 1.1E-03      F  F
    343   2     1  1.9779252555E-06 1.0E+00     1 5.9E-04      F  F
    344   2     1  1.9777896724E-06 1.0E+00     1 9.4E-05      F  F
    345   2     1  1.9776457152E-06 1.0E+00     1 1.0E-04      F  F
    346   2     1  1.9776086645E-06 1.0E+00     1 2.6E-05      F  F
    347   2     1  1.9775849937E-06 1.0E+00     1 1.6E-05      F  F
   Elapsed time       97.0 seconds.
 
   Iter Phase Ninf   Infeasibility   RGmax    NSB   Step InItr MX OK
    348   2     1  1.9775766329E-06 1.0E+00     1 5.8E-06      F  F
    349   2     1  1.9775728610E-06 1.0E+00     1 2.6E-06      F  F
    350   2     1  1.9756380552E-06 1.0E+00     1 1.3E-03      F  F
    351   2     1  1.9751074884E-06 1.0E+00     1 3.7E-04      F  F
    352   2     1  1.9748233635E-06 1.0E+00     1 2.0E-04      F  F
    353   2     1  1.9748106183E-06 1.0E+00     1 8.9E-06      F  F
    354   2     1  1.9746660072E-06 1.0E+00     1 1.0E-04      F  F
    355   2     1  1.9746406955E-06 1.0E+00     1 1.8E-05      F  F
    356   2     1  1.9746254366E-06 1.0E+00     1 1.1E-05      F  F
    357   2     1  1.9746178247E-06 1.0E+00     1 5.3E-06      F  F
 
   Iter Phase Ninf   Infeasibility   RGmax    NSB   Step InItr MX OK
    358   2     1  1.9669396541E-06 1.0E+00     1 5.3E-03      F  F
    359   2     1  1.9659792343E-06 1.0E+00     1 6.7E-04      F  F
    360   2     1  1.9649377276E-06 1.0E+00     1 7.2E-04      F  F
    361   2     1  1.9641977446E-06 1.0E+00     1 5.1E-04      F  F
    362   2     1  1.9640278038E-06 1.0E+00     1 1.2E-04      F  F
    363   2     1  1.9638482428E-06 1.0E+00     1 1.2E-04      F  F
    364   2     1  1.9638427223E-06 1.0E+00     1 3.8E-06      F  F
    365   2     1  1.9586863806E-06 1.0E+00     1 3.6E-03      F  F
    366   2     1  1.9562121455E-06 1.0E+00     1 1.7E-03      F  F
    367   2     1  1.9541191100E-06 1.0E+00     1 1.5E-03      F  F
 
   Iter Phase Ninf   Infeasibility   RGmax    NSB   Step InItr MX OK
    368   2     1  1.9540863107E-06 1.0E+00     1 2.3E-05      F  F
    369   2     1  1.9370969403E-06 1.0E+00     1 1.2E-02      F  F
    370   2     1  1.9366807521E-06 1.0E+00     1 2.9E-04      F  F
    371   2     1  1.9364320955E-06 1.0E+00     1 1.7E-04      F  F
    372   2     1  1.9364259005E-06 1.0E+00     1 4.3E-06      F  F
    373   2     1  1.9344464649E-06 1.0E+00     1 1.4E-03      F  F
    374   2     1  1.9339269602E-06 1.0E+00     1 3.6E-04      F  F
    375   2     1  1.9337669291E-06 1.0E+00     1 1.1E-04      F  F
    376   2     1  1.9337543425E-06 1.0E+00     1 8.7E-06      F  F
    377   2     1  1.9328665305E-06 1.0E+00     1 6.2E-04      F  F
 
   Iter Phase Ninf   Infeasibility   RGmax    NSB   Step InItr MX OK
    378   2     1  1.9326332992E-06 1.0E+00     1 1.6E-04      F  F
    379   2     1  1.9324916033E-06 1.0E+00     1 9.8E-05      F  F
    380   2     1  1.9324815191E-06 1.0E+00     1 7.0E-06      F  F
    381   2     1  1.9303956983E-06 1.0E+00     1 1.4E-03      F  F
    382   2     1  1.9290996563E-06 1.0E+00     1 9.0E-04      F  F
    383   2     1  1.9288364972E-06 1.0E+00     1 1.8E-04      F  F
    384   2     1  1.9286388730E-06 1.0E+00     1 1.4E-04      F  F
    385   2     1  1.9285741299E-06 1.0E+00     1 4.5E-05      F  F
    386   2     1  1.9285353752E-06 1.0E+00     1 2.7E-05      F  F
    387   2     1  1.9285269529E-06 1.0E+00     1 5.8E-06      F  F
 
   Iter Phase Ninf   Infeasibility   RGmax    NSB   Step InItr MX OK
    388   2     1  1.9261333905E-06 1.0E+00     1 1.7E-03      F  F
    389   2     1  1.9256161184E-06 1.0E+00     1 3.6E-04      F  F
    390   2     1  1.9237242208E-06 1.0E+00     1 1.3E-03      F  F
    391   2     1  1.9232075956E-06 1.0E+00     1 3.6E-04      F  F
    392   2     1  1.9176169804E-06 4.1E-06  1709 8.1E+01      F  T
    393   2     1  1.9144802746E-06 3.4E-06  1759 8.6E+01      F  T
    394   2     1  1.9116921108E-06 3.4E-06  1762 1.0E+00    3 T  T
    395   2     1  1.9085028857E-06 3.2E-06  1759 1.0E+00    8 T  T
    396   2     1  1.7862065594E-06 3.1E-06  1748 2.7E-01   12 F  F
    397   2     1  1.7804164381E-06 3.3E-06  1742 1.0E+00   10 T  T
 
   Iter Phase Ninf   Infeasibility   RGmax    NSB   Step InItr MX OK
    398   2     1  1.6991846706E-06 2.9E-06  1732 1.0E+00    8 T  T
    399   2     1  1.6096390006E-06 1.0E+00  1722 5.3E-02    2 F  F
    400   2     1  1.6083055601E-06 1.0E+00     1 8.3E-04    1 F  F
    401   2     1  1.6058308704E-06 1.0E+00     1 1.5E-03    1 F  F
    402   2     1  1.5972058023E-06 1.0E+00     1 6.0E-03      F  F
    403   2     1  1.5960459845E-06 1.0E+00     1 8.1E-04      F  F
    404   2     1  1.5941139232E-06 1.0E+00     1 1.2E-03    1 F  F
    405   1     1  1.5932286812E-06 1.0E+00     1 6.1E-04      F  F
    406   1     1  1.5928008122E-06 1.0E+00     1 3.0E-04      F  F
    407   1     1  1.5918286437E-06 1.0E+00     1 6.8E-04      F  F
 
   Iter Phase Ninf   Infeasibility   RGmax    NSB   Step InItr MX OK
    408   1     1  1.5912012289E-06 1.0E+00     1 4.4E-04      F  F
    409   1     1  1.5905711993E-06 1.0E+00     1 4.4E-04      F  F
    410   1     1  1.5900375246E-06 1.0E+00     1 3.7E-04      F  F
    411   1     1  1.5899219280E-06 1.0E+00     1 8.0E-05      F  F
    412   1     1  1.5897261352E-06 1.0E+00     1 1.4E-04      F  F
    413   1     1  1.5896543784E-06 1.0E+00     1 5.0E-05      F  F
    414   1     1  1.5821590601E-06 1.0E+00     1 5.2E-03      F  F
    415   1     1  1.5817779191E-06 3.1E-06  1731 2.1E+00      T  T
    416   1     1  1.5816058576E-06 3.1E-06  1730 1.0E+00      T  T
    417   1     1  1.5814352533E-06 3.1E-06  1729 1.0E+00      T  T
 
   Iter Phase Ninf   Infeasibility   RGmax    NSB   Step InItr MX OK
    418   1     1  1.5811849481E-06 3.1E-06  1728 1.6E+00      T  T
    419   1     1  1.5809208374E-06 3.1E-06  1727 1.7E+00      T  T
    420   1     1  1.5806697598E-06 3.1E-06  1726 1.7E+00      T  T
    421   1     1  1.5805391515E-06 3.1E-06  1725 9.3E-01      T  T
    422   1     1  1.5800501048E-06 2.8E-06  1724 1.0E+00    3 T  T
    423   1     1  1.5775563212E-06 2.7E-06  1721 1.9E-01    6 F  T
    424   1     1  1.5775093633E-06 4.8E+02  1744 9.8E-06    1 F  T
    425   1     1  1.5730118129E-06 1.0E+00     1 4.5E-09      F  F
    426   1     1  1.5708091779E-06 1.5E-06  1751 4.7E+01      F  T
    427   2     1  1.5701633855E-06 1.9E-06  1751 2.1E+01      T  T
 
   Iter Phase Ninf   Infeasibility   RGmax    NSB   Step InItr MX OK
    428   2     1  1.5700598864E-06 1.9E-06  1750 4.3E+00      T  T
    429   2     1  1.5697771352E-06 1.8E-06  1749 1.4E+01      T  T
    430   2     1  1.5697418730E-06 1.8E-06  1748 1.7E+00      T  T
    431   2     1  1.5695751881E-06 1.8E-06  1747 8.1E+00      T  T
    432   2     1  1.5695706681E-06 1.8E-06  1746 2.2E-01      T  T
    433   2     1  1.5693752131E-06 1.8E-06  1745 9.5E+00      T  T
    434   2     1  1.5691659507E-06 1.8E-06  1744 1.0E+01      T  T
    435   2     1  1.5689454478E-06 1.8E-06  1743 1.1E+01      T  T
    436   2     1  1.5687385350E-06 1.8E-06  1742 1.0E+01      T  T
    437   2     1  1.5684987258E-06 1.8E-06  1741 1.2E+01      T  T
 
   Iter Phase Ninf   Infeasibility   RGmax    NSB   Step InItr MX OK
    438   2     1  1.5682156879E-06 1.8E-06  1740 1.4E+01      T  T
    439   2     1  1.5678756391E-06 1.8E-06  1739 1.7E+01      T  T
    440   2     1  1.5675406503E-06 1.8E-06  1738 1.7E+01      T  T
    441   2     1  1.5671220863E-06 1.8E-06  1737 2.1E+01      T  T
    442   2     1  1.5666575383E-06 1.8E-06  1736 2.4E+01      T  T
    443   2     1  1.5661648183E-06 1.8E-06  1735 2.6E+01      T  T
    444   2     1  1.5655509463E-06 1.8E-06  1734 3.2E+01      T  T
    445   2     1  1.5648777296E-06 1.8E-06  1733 3.6E+01      T  T
    446   2     1  1.5642602331E-06 1.8E-06  1732 3.3E+01      T  T
    447   1     1  1.5636330234E-06 1.8E-06  1731 3.4E+01      T  T
 
   Iter Phase Ninf   Infeasibility   RGmax    NSB   Step InItr MX OK
    448   1     1  1.5630858003E-06 1.8E-06  1730 3.0E+01      T  T
    449   1     1  1.5621546520E-06 1.8E-06  1729 5.2E+01      T  T
    450   1     1  1.5613289461E-06 1.8E-06  1728 4.7E+01      T  T
    451   1     1  1.5597412562E-06 1.8E-06  1727 9.2E+01      T  T
    452   1     1  1.5574320330E-06 1.8E-06  1726 1.4E+02      T  T
    453   1     1  1.5532529398E-06 1.8E-06  1725 2.7E+02      T  T
    454   1     1  0.0000000000E+00 4.6E+02  1724 6.3E-04    1 F  T
    455   1     1  0.0000000000E+00 0.0E+00     1 0.0E+00    1 F  T
    456   1     1  1.5474312748E-06 0.0E+00     1 3.1E-03    1 F  F
    457   1     1  1.5460851911E-06 2.2E-06  1724 4.1E+01      T  T
 
   Iter Phase Ninf   Infeasibility   RGmax    NSB   Step InItr MX OK
    458   1     1  1.5324303465E-06 1.8E-06  1723 1.1E+03      F  T
    459   1     1  1.5239848438E-06 1.6E-06  1723 5.7E+01      T  T
    460   1     1  1.5224978093E-06 1.6E-06  1722 7.5E+01      F  T
    461   1     1  1.5210152377E-06 1.9E-06  1722 7.9E+01      F  T
    462   2     1  1.5195347525E-06 1.5E-06  1722 7.5E+01      F  T
    463   2     1  1.3755175458E-06 1.0E+00  1722 9.5E-02    2 F  F
    464   2     1  1.3741283664E-06 1.0E+00     1 1.0E-03    1 F  F
    465   2     1  1.3725064961E-06 1.0E+00     1 3.9E-02      F  F
    466   2     1  1.3697424212E-06 1.0E+00     1 6.7E-02      F  F
    467   2     1  1.3691730110E-06 1.0E+00  1722 4.2E-04    2 F  F
 
   Iter Phase Ninf   Infeasibility   RGmax    NSB   Step InItr MX OK
    468   2     1  1.3680666938E-06 1.0E+00     2 1.7E-03    1 F  F
    469   2     1  1.3508601367E-06 3.9E-06  1722 3.9E+01      F  T
    470   2     1  1.3387576722E-06 1.4E-06  1722 1.1E+03      T  T
    471   2     1  1.3320241539E-06 3.0E-06  1721 3.3E+01      T  T
    472   2     1  1.3303867379E-06 1.7E-06  1720 1.1E+02      F  T
    473   2     1  1.3289035555E-06 1.2E-06  1720 7.1E+01      F  T
    474   1     1  1.3289029509E-06 6.5E-06  1720 5.5E+00      F  T
    475   1     1  1.3265629634E-06 2.0E-06  1720 7.6E+01      F  T
    476   2     1  1.3245734388E-06 1.2E-06  1720 1.6E+02      F  T
    477   2     1  1.0896969920E-06 1.0E+00  1720 1.8E-01    3 F  F
 
   Iter Phase Ninf   Infeasibility   RGmax    NSB   Step InItr MX OK
    478   2     1  1.0882992513E-06 1.0E+00     1 1.3E-03    1 F  F
    479   2     1  1.0882490038E-06 1.0E+00     1 1.2E-03      F  F
    480   2     1  1.0867561274E-06 1.0E+00     1 3.6E-02      F  F
    481   2     1  1.0643687997E-06 1.0E+00     2 2.1E-02    2 F  F
    482   2     1  1.0629034816E-06 1.0E+00     1 1.4E-03    1 F  F
    483   2     1  1.0594981126E-06 1.0E+00     1 8.2E-02      F  F
    484   2     1  1.0589998673E-06 1.0E+00     1 1.2E-02      T  T
    485   2     1  1.0557173002E-06 1.0E+00     1 7.9E-02      F  F
    486   2     1  1.0533335151E-06 1.0E+00     1 5.8E-02      F  F
    487   2     1  1.0532050965E-06 1.0E+00     1 1.2E-04    1 F  F
 
   Iter Phase Ninf   Infeasibility   RGmax    NSB   Step InItr MX OK
    488   2     1  1.0527189732E-06 1.0E+00     2 1.0E-03    1 F  F
    489   2     1  1.0405582318E-06 3.9E-06  1719 4.0E+01      F  T
    490   2     1  1.0380522876E-06 1.7E-06  1719 2.3E+02      F  T
    491   1     1  1.0380491522E-06 8.0E-06  1719 7.6E+01      F  T
    492   1     1  1.0342856783E-06 1.3E-06  1719 6.5E+01      F  T
    493   2     1  1.0316827317E-06 1.7E-06  1719 2.4E+02      F  T
    494   2     1  9.3045401314E-07 1.0E+00  1719 9.8E-02    3 F  F
    495   2     1  9.2849306901E-07 1.0E+00     1 2.1E-03    1 F  F
    496   2     1  9.2833722453E-07 1.0E+00     1 3.8E-03      F  F
    497   2     1  9.2760450155E-07 1.0E+00     1 1.8E-02      F  F
 
   Iter Phase Ninf   Infeasibility   RGmax    NSB   Step InItr MX OK
    498   2     1  8.9904311976E-07 1.0E+00     1 3.1E-02    1 F  F
    499   2     1  8.9465326077E-07 1.0E+00     1 4.9E-03    1 F  F
    500   2     1  8.9028483665E-07 1.0E+00     1 1.1E-01      F  F
    501   2     1  8.8847482447E-07 1.0E+00     1 4.4E-02      F  F
    502   2     1  8.8608878368E-07 1.0E+00     2 2.7E-03    2 F  F
    503   2     1  8.8565612314E-07 1.0E+00     1 4.9E-04    1 F  F
    504   2     1  8.8185056949E-07 1.0E+00     1 9.2E-02      F  F
    505   2     1  8.8125850673E-07 1.0E+00     1 1.4E-02      F  F
    506   1     1  8.7867794607E-07 1.0E+00     1 6.2E-02      F  F
    507   1     1  8.7840979484E-07 1.0E+00     1 6.5E-03      F  F
   Elapsed time      128.9 seconds.
 
   Iter Phase Ninf   Infeasibility   RGmax    NSB   Step InItr MX OK
    508   1     1  8.7767217215E-07 1.0E+00     1 1.8E-02      F  F
    509   1     1  8.6731776520E-07 1.0E+00     1 2.5E-01      F  F
    510   1     1  8.6594756515E-07 2.1E-06  1746 4.8E+01      F  T
    511   2     1  8.6503867574E-07 1.9E-06  1746 3.6E+01      T  T
    512   2     1  8.6440114282E-07 1.7E-06  1745 3.1E+01      T  T
    513   2     1  8.6254679220E-07 1.7E-06  1744 9.9E+01      T  T
    514   2     1  8.5685309170E-07 1.7E-06  1743 4.7E+02      T  T
    515   2     1  8.5537151602E-07 2.4E-06  1742 6.1E+00      T  T
    516   2     1  8.5453497336E-07 2.4E-06  1741 4.2E+00      T  T
    517   2     1  8.5418869099E-07 2.2E-06  1740 2.8E+00      T  T
 
   Iter Phase Ninf   Infeasibility   RGmax    NSB   Step InItr MX OK
    518   2     1  8.5339930783E-07 2.2E-06  1739 7.6E+00      T  T
    519   2     1  8.5281662272E-07 2.2E-06  1738 7.6E+00      T  T
    520   2     1  8.5223197694E-07 1.9E-06  1737 1.7E+01      T  T
    521   2     1  8.5179933180E-07 1.9E-06  1736 1.9E+01      T  T
    522   2     1  8.3382006251E-07 1.7E-06  1735 1.8E+03      F  T
    523   2     1  8.1625962167E-07 3.6E-06  1735 3.0E+01      T  T
    524   2     1  8.1483348797E-07 1.7E-06  1734 7.4E+01      T  T
    525   2     1  8.1347899722E-07 1.8E-06  1733 8.3E+01      F  T
    526   2     1  8.1213267863E-07 1.9E-06  1733 5.5E+01      F  T
    527   2     1  5.3296207031E-07 1.0E+00  1733 3.4E-01    2 F  F
 
   Iter Phase Ninf   Infeasibility   RGmax    NSB   Step InItr MX OK
    528   2     1  5.1825652353E-07 1.0E+00     1 2.8E-02    1 F  F
    529   2     1  5.1675333834E-07 1.0E+00     1 2.9E-03    1 F  F
    530   2     1  5.1486242240E-07 1.0E+00     1 4.6E-02      F  F
    531   2     1  4.9854359372E-07 1.0E+00     1 3.9E-01      F  F
    532   2     1  4.9610929883E-07 1.0E+00     1 4.9E-03    1 F  F
    533   2     1  4.9368689014E-07 1.0E+00     1 4.9E-03    1 F  F
    534   2     1  4.9270538172E-07 1.0E+00     1 2.4E-02      F  F
    535   2     1  4.9200396695E-07 1.0E+00     1 1.7E-02      F  F
    536   2     1  4.9173970701E-07 1.0E+00     1 5.4E-04    1 F  F
    537   2     1  4.6759445859E-07 1.0E+00     1 4.9E-02    1 F  F
 
   Iter Phase Ninf   Infeasibility   RGmax    NSB   Step InItr MX OK
    538   2     1  4.6177794470E-07 1.0E+00     1 1.4E-01      F  F
    539   2     1  4.6116659253E-07 1.0E+00     1 1.5E-02      F  F
    540   2     1  4.6088511878E-07 1.0E+00     1 6.8E-03      F  F
    541   2     1  4.6076700700E-07 1.0E+00     1 2.9E-03      F  F
    542   2     1  4.6076233520E-07 1.0E+00     1 1.1E-04      F  F
    543   2     1  4.6068130071E-07 1.0E+00     1 2.0E-03      F  F
    544   2     1  4.6067980480E-07 1.0E+00     1 3.6E-05      F  F
    545   2     1  4.4914529715E-07 1.0E+00     1 2.8E-01      F  F
    546   2     1  4.4797982400E-07 1.0E+00     1 2.8E-02      F  F
    547   2     1  4.4360502104E-07 1.0E+00     1 1.1E-01      F  F
 
   Iter Phase Ninf   Infeasibility   RGmax    NSB   Step InItr MX OK
    548   2     1  4.4143898089E-07 1.0E+00     1 5.2E-02      F  F
    549   2     1  4.4000092422E-07 1.0E+00     1 3.5E-02      F  F
    550   2     1  4.3994374235E-07 1.0E+00     1 1.4E-03      F  F
    551   2     1  4.3725853884E-07 1.0E+00     1 6.5E-02      F  F
    552   2     1  4.3681491696E-07 1.0E+00     1 1.1E-02      F  F
    553   2     1  4.3574847429E-07 1.0E+00     1 2.6E-02      F  F
    554   2     1  4.3568198435E-07 1.0E+00     1 1.6E-03      F  F
 
 ** Infeasible solution. The tolerances are minimal and
    there is no change in objective although the reduced
    gradient is greater than the tolerance.
 
--- Restarting execution
--- QBMPC_PMMA_gams_corbett.gms(259) 0 Mb
--- Reading solution for model QBMPC
--- Executing after solve: elapsed 0:02:23.127
--- QBMPC_PMMA_gams_corbett.gms(261) 6 Mb
*** Status: Normal completion
--- Job QBMPC_PMMA_gams_corbett.gms Stop 11/23/13 14:42:05 elapsed 0:02:23.142
